This is pdfTeX, Version 3.14159265-2.6-1.40.20 (MiKTeX 2.9.7050) (preloaded format=pdflatex 2019.9.9)  23 SEP 2019 15:28
entering extended mode
**/home/gianluca/development/phd_thesis/ClassicThesis.tex
(/home/gianluca/development/phd_thesis/ClassicThesis.tex
LaTeX2e <2018-12-01>
(/home/gianluca/.miktex/texmfs/install/tex/latex/silence/silence.sty
Package: silence 2012/07/02 v1.5b Selective filtering of warnings and error mes
sages
\sl@Save=\count80
\sl@StateNumber=\count81
\sl@MessageCount=\count82
\sl@Casualties=\count83
\sl@Filter=\toks14
\sl@Message=\toks15
\sl@UnexpandedMessage=\toks16
\sl@Mess@ge=\toks17
\sl@WarningCount=\count84
\sl@WarningNumber=\count85
\sl@WarningCasualties=\count86
\sl@TempBOW=\toks18
\sl@BankOfWarnings=\toks19
LaTeX Info: Redefining \GenericWarning on input line 433.
\sl@ErrorCount=\count87
\sl@ErrorNumber=\count88
\sl@ErrorCasualties=\count89
\sl@TempBOE=\toks20
\sl@BankOfErrors=\toks21
LaTeX Info: Redefining \GenericError on input line 601.
)
(/home/gianluca/.miktex/texmfs/install/tex/latex/koma-script/scrreprt.cls
Document Class: scrreprt 2019/02/01 v3.26b KOMA-Script document class (report)
(/home/gianluca/.miktex/texmfs/install/tex/latex/koma-script/scrkbase.sty
Package: scrkbase 2019/02/01 v3.26b KOMA-Script package (KOMA-Script-dependent 
basics and keyval usage)

(/home/gianluca/.miktex/texmfs/install/tex/latex/koma-script/scrbase.sty
Package: scrbase 2019/02/01 v3.26b KOMA-Script package (KOMA-Script-independent
 basics and keyval usage)

(/usr/local/share/miktex-texmf/tex/latex/graphics/keyval.sty
Package: keyval 2014/10/28 v1.15 key=value parser (DPC)
\KV@toks@=\toks22
)
(/home/gianluca/.miktex/texmfs/install/tex/latex/koma-script/scrlfile.sty
Package: scrlfile 2019/02/01 v3.26b KOMA-Script package (loading files)
)))
(/home/gianluca/.miktex/texmfs/install/tex/latex/koma-script/tocbasic.sty
Package: tocbasic 2019/02/01 v3.26b KOMA-Script package (handling toc-files)
\scr@dte@tocline@numberwidth=\skip41
\scr@dte@tocline@numbox=\box27
)
Package tocbasic Info: omitting babel extension for `toc'
(tocbasic)             because of feature `nobabel' available
(tocbasic)             for `toc' on input line 136.
Class scrreprt Info: You've used standard option `oneside'.
(scrreprt)           This is correct!
(scrreprt)           Internally I'm using `twoside=false'.
(scrreprt)           If you'd like to set the option with \KOMAoptions,
(scrreprt)           you'd have to use `twoside=false' there
(scrreprt)           instead of `oneside', too.
Class scrreprt Info: You've used standard option `openright'.
(scrreprt)           This is correct!
(scrreprt)           Internally I'm using `open=right'.
(scrreprt)           If you'd like to set the option with \KOMAoptions,
(scrreprt)           you'd have to use `open=right' there
(scrreprt)           instead of `openright', too.
Class scrreprt Info: File `scrsize10pt.clo' used to setup font sizes on input l
ine 2373.

(/home/gianluca/.miktex/texmfs/install/tex/latex/koma-script/scrsize10pt.clo
File: scrsize10pt.clo 2019/02/01 v3.26b KOMA-Script font size class option (10p
t)
)
(/home/gianluca/.miktex/texmfs/install/tex/latex/koma-script/typearea.sty
Package: typearea 2019/02/01 v3.26b KOMA-Script package (type area)
\ta@bcor=\skip42
\ta@div=\count90
Package typearea Info: You've used standard option `oneside'.
(typearea)             This is correct!
(typearea)             Internally I'm using `twoside=false'.
(typearea)             If you'd like to set the option with \KOMAoptions,
(typearea)             you'd have to use `twoside=false' there
(typearea)             instead of `oneside', too.
\ta@hblk=\skip43
\ta@vblk=\skip44
\ta@temp=\skip45
\footheight=\skip46
Package typearea Info: With paper sizes other than (almost) `A4' predefined
(typearea)             DIV values do not exist. Using DIV calculation for good
(typearea)             line width (unless using `version=3.24` or prior).

DIV calculation for typearea with good linewidth.
Package typearea Info: These are the values describing the layout:
(typearea)             DIV  = 16
(typearea)             BCOR = 14.22636pt
(typearea)             \paperwidth      = 421.10083pt
(typearea)              \textwidth      = 330.58554pt
(typearea)              DIV departure   = 0%
(typearea)              \evensidemargin = -19.89917pt
(typearea)              \oddsidemargin  = -19.89917pt
(typearea)             \paperheight     = 597.50793pt
(typearea)              \textheight     = 418.0pt
(typearea)              \topmargin      = -34.92575pt
(typearea)              \headheight     = 15.0pt
(typearea)              \headsep        = 18.0pt
(typearea)              \topskip        = 10.0pt
(typearea)              \footskip       = 42.0pt
(typearea)              \baselineskip   = 12.0pt
(typearea)              on input line 1715.
)
\c@part=\count91
\c@chapter=\count92
\c@section=\count93
\c@subsection=\count94
\c@subsubsection=\count95
\c@paragraph=\count96
\c@subparagraph=\count97
\scr@dte@chapter@maxnumwidth=\skip47
Class scrreprt Info: using compatibility default `afterindent=bysign'
(scrreprt)           for `\chapter on input line 5305.
\scr@dte@section@maxnumwidth=\skip48
Class scrreprt Info: using compatibility default `runin=bysign'
(scrreprt)           for `\section on input line 5315.
Class scrreprt Info: using compatibility default `afterindent=bysign'
(scrreprt)           for `\section on input line 5315.
\scr@dte@part@maxnumwidth=\skip49
Class scrreprt Info: using compatibility default `afterindent=true'
(scrreprt)           for `\part on input line 5324.
\scr@dte@subsection@maxnumwidth=\skip50
Class scrreprt Info: using compatibility default `runin=bysign'
(scrreprt)           for `\subsection on input line 5334.
Class scrreprt Info: using compatibility default `afterindent=bysign'
(scrreprt)           for `\subsection on input line 5334.
\scr@dte@subsubsection@maxnumwidth=\skip51
Class scrreprt Info: using compatibility default `runin=bysign'
(scrreprt)           for `\subsubsection on input line 5344.
Class scrreprt Info: using compatibility default `afterindent=bysign'
(scrreprt)           for `\subsubsection on input line 5344.
\scr@dte@paragraph@maxnumwidth=\skip52
Class scrreprt Info: using compatibility default `runin=bysign'
(scrreprt)           for `\paragraph on input line 5354.
Class scrreprt Info: using compatibility default `afterindent=bysign'
(scrreprt)           for `\paragraph on input line 5354.
\scr@dte@subparagraph@maxnumwidth=\skip53
Class scrreprt Info: using compatibility default `runin=bysign'
(scrreprt)           for `\subparagraph on input line 5364.
Class scrreprt Info: using compatibility default `afterindent=bysign'
(scrreprt)           for `\subparagraph on input line 5364.
\abovecaptionskip=\skip54
\belowcaptionskip=\skip55
\c@pti@nb@sid@b@x=\box28
Package tocbasic Info: omitting babel extension for `lof'
(tocbasic)             because of feature `nobabel' available
(tocbasic)             for `lof' on input line 6613.
\scr@dte@figure@maxnumwidth=\skip56
\c@figure=\count98
Package tocbasic Info: omitting babel extension for `lot'
(tocbasic)             because of feature `nobabel' available
(tocbasic)             for `lot' on input line 6630.
\scr@dte@table@maxnumwidth=\skip57
\c@table=\count99
Class scrreprt Info: Redefining `\numberline' on input line 6799.
\bibindent=\dimen102
) (/home/gianluca/development/phd_thesis/classicthesis-config.tex
(/usr/local/share/miktex-texmf/tex/latex/base/inputenc.sty
Package: inputenc 2018/08/11 v1.3c Input encoding file
\inpenc@prehook=\toks23
\inpenc@posthook=\toks24
)
(/usr/local/share/miktex-texmf/tex/latex/base/fontenc.sty
Package: fontenc 2018/08/11 v2.0j Standard LaTeX package

(/usr/local/share/miktex-texmf/tex/latex/base/t1enc.def
File: t1enc.def 2018/08/11 v2.0j Standard LaTeX file
LaTeX Font Info:    Redeclaring font encoding T1 on input line 48.
))
(/usr/local/share/miktex-texmf/tex/generic/babel/babel.sty
Package: babel 2019/07/19 3.33 The Babel package

(/usr/local/share/miktex-texmf/tex/generic/babel/switch.def
File: switch.def 2019/07/19 3.33 Babel switching mechanism
)
*************************************
* Local config file bblopts.cfg used
*
(/home/gianluca/.miktex/texmfs/install/tex/latex/arabi/bblopts.cfg
File: bblopts.cfg 2005/09/08 v0.1 add Arabic and Farsi to "declared" options of
 babel
)
(/usr/local/share/miktex-texmf/tex/latex/babel-english/british.ldf
Language: british 2017/06/06 v3.3r English support from the babel system

(/usr/local/share/miktex-texmf/tex/latex/babel-english/english.ldf
Language: english 2017/06/06 v3.3r English support from the babel system

(/usr/local/share/miktex-texmf/tex/generic/babel/babel.def
File: babel.def 2019/07/19 3.33 Babel common definitions
\babel@savecnt=\count100
\U@D=\dimen103

(/usr/local/share/miktex-texmf/tex/generic/babel/txtbabel.def)
\bbl@dirlevel=\count101
)
\l@canadian = a dialect from \language\l@american 
\l@australian = a dialect from \language\l@british 
\l@newzealand = a dialect from \language\l@british 
)))
(/home/gianluca/.miktex/texmfs/install/tex/latex/csquotes/csquotes.sty
Package: csquotes 2019/05/10 v5.2e context-sensitive quotations (JAW)

(/home/gianluca/.miktex/texmfs/install/tex/latex/etoolbox/etoolbox.sty
Package: etoolbox 2018/08/19 v2.5f e-TeX tools for LaTeX (JAW)
\etb@tempcnta=\count102
)
\csq@reset=\count103
\csq@gtype=\count104
\csq@glevel=\count105
\csq@qlevel=\count106
\csq@maxlvl=\count107
\csq@tshold=\count108
\csq@ltx@everypar=\toks25

(/home/gianluca/.miktex/texmfs/install/tex/latex/csquotes/csquotes.def
File: csquotes.def 2019/05/10 v5.2e csquotes generic definitions (JAW)
)
Package csquotes Info: Trying to load configuration file 'csquotes.cfg'...
Package csquotes Info: ... configuration file loaded successfully.

(/home/gianluca/.miktex/texmfs/install/tex/latex/csquotes/csquotes.cfg
File: csquotes.cfg 
))
(/home/gianluca/.miktex/texmfs/install/tex/latex/biblatex/biblatex.sty
Package: biblatex 2019/08/31 v3.13a programmable bibliographies (PK/MW)

(/usr/local/share/miktex-texmf/tex/generic/oberdiek/pdftexcmds.sty
Package: pdftexcmds 2019/07/25 v0.30 Utility functions of pdfTeX for LuaTeX (HO
)

(/usr/local/share/miktex-texmf/tex/generic/oberdiek/infwarerr.sty
Package: infwarerr 2016/05/16 v1.4 Providing info/warning/error messages (HO)
)
(/usr/local/share/miktex-texmf/tex/generic/oberdiek/ifluatex.sty
Package: ifluatex 2016/05/16 v1.4 Provides the ifluatex switch (HO)
Package ifluatex Info: LuaTeX not detected.
)
(/usr/local/share/miktex-texmf/tex/generic/oberdiek/ltxcmds.sty
Package: ltxcmds 2016/05/16 v1.23 LaTeX kernel commands for general use (HO)
)
(/usr/local/share/miktex-texmf/tex/generic/oberdiek/ifpdf.sty
Package: ifpdf 2018/09/07 v3.3 Provides the ifpdf switch
)
Package pdftexcmds Info: LuaTeX not detected.
Package pdftexcmds Info: \pdf@primitive is available.
Package pdftexcmds Info: \pdf@ifprimitive is available.
Package pdftexcmds Info: \pdfdraftmode found.
)
(/usr/local/share/miktex-texmf/tex/latex/oberdiek/kvoptions.sty
Package: kvoptions 2016/05/16 v3.12 Key value format for package options (HO)

(/usr/local/share/miktex-texmf/tex/generic/oberdiek/kvsetkeys.sty
Package: kvsetkeys 2016/05/16 v1.17 Key value parser (HO)

(/usr/local/share/miktex-texmf/tex/generic/oberdiek/etexcmds.sty
Package: etexcmds 2016/05/16 v1.6 Avoid name clashes with e-TeX commands (HO)
)))
(/home/gianluca/.miktex/texmfs/install/tex/latex/logreq/logreq.sty
Package: logreq 2010/08/04 v1.0 xml request logger
\lrq@indent=\count109

(/home/gianluca/.miktex/texmfs/install/tex/latex/logreq/logreq.def
File: logreq.def 2010/08/04 v1.0 logreq spec v1.0
))
(/usr/local/share/miktex-texmf/tex/latex/base/ifthen.sty
Package: ifthen 2014/09/29 v1.1c Standard LaTeX ifthen package (DPC)
)
(/home/gianluca/.miktex/texmfs/install/tex/latex/url/url.sty
\Urlmuskip=\muskip10
Package: url 2013/09/16  ver 3.4  Verb mode for urls, etc.
)
\c@tabx@nest=\count110
\c@listtotal=\count111
\c@listcount=\count112
\c@liststart=\count113
\c@liststop=\count114
\c@citecount=\count115
\c@citetotal=\count116
\c@multicitecount=\count117
\c@multicitetotal=\count118
\c@instcount=\count119
\c@maxnames=\count120
\c@minnames=\count121
\c@maxitems=\count122
\c@minitems=\count123
\c@citecounter=\count124
\c@maxcitecounter=\count125
\c@savedcitecounter=\count126
\c@uniquelist=\count127
\c@uniquename=\count128
\c@refsection=\count129
\c@refsegment=\count130
\c@maxextratitle=\count131
\c@maxextratitleyear=\count132
\c@maxextraname=\count133
\c@maxextradate=\count134
\c@maxextraalpha=\count135
\c@abbrvpenalty=\count136
\c@highnamepenalty=\count137
\c@lownamepenalty=\count138
\c@maxparens=\count139
\c@parenlevel=\count140
\blx@tempcnta=\count141
\blx@tempcntb=\count142
\blx@tempcntc=\count143
\blx@maxsection=\count144
\blx@maxsegment@0=\count145
\blx@notetype=\count146
\blx@parenlevel@text=\count147
\blx@parenlevel@foot=\count148
\blx@sectionciteorder@0=\count149
\blx@entrysetcounter=\count150
\labelnumberwidth=\skip58
\labelalphawidth=\skip59
\biblabelsep=\skip60
\bibitemsep=\skip61
\bibnamesep=\skip62
\bibinitsep=\skip63
\bibparsep=\skip64
\bibhang=\skip65
\blx@bcfin=\read1
\blx@bcfout=\write3
\blx@langwohyphens=\language82
\c@mincomprange=\count151
\c@maxcomprange=\count152
\c@mincompwidth=\count153
Package biblatex Info: Trying to load biblatex default data model...
Package biblatex Info: ... file 'blx-dm.def' found.

(/home/gianluca/.miktex/texmfs/install/tex/latex/biblatex/blx-dm.def
File: blx-dm.def 2019/08/31 v3.13a biblatex localization (PK/MW)
)
Package biblatex Info: Trying to load biblatex style data model...
Package biblatex Info: ... file 'numeric-comp.dbx' not found.
Package biblatex Info: Trying to load biblatex custom data model...
Package biblatex Info: ... file 'biblatex-dm.cfg' not found.
\c@afterword=\count154
\c@savedafterword=\count155
\c@annotator=\count156
\c@savedannotator=\count157
\c@author=\count158
\c@savedauthor=\count159
\c@bookauthor=\count160
\c@savedbookauthor=\count161
\c@commentator=\count162
\c@savedcommentator=\count163
\c@editor=\count164
\c@savededitor=\count165
\c@editora=\count166
\c@savededitora=\count167
\c@editorb=\count168
\c@savededitorb=\count169
\c@editorc=\count170
\c@savededitorc=\count171
\c@foreword=\count172
\c@savedforeword=\count173
\c@holder=\count174
\c@savedholder=\count175
\c@introduction=\count176
\c@savedintroduction=\count177
\c@namea=\count178
\c@savednamea=\count179
\c@nameb=\count180
\c@savednameb=\count181
\c@namec=\count182
\c@savednamec=\count183
\c@translator=\count184
\c@savedtranslator=\count185
\c@shortauthor=\count186
\c@savedshortauthor=\count187
\c@shorteditor=\count188
\c@savedshorteditor=\count189
\c@labelname=\count190
\c@savedlabelname=\count191
\c@institution=\count192
\c@savedinstitution=\count193
\c@lista=\count194
\c@savedlista=\count195
\c@listb=\count196
\c@savedlistb=\count197
\c@listc=\count198
\c@savedlistc=\count199
\c@listd=\count266
\c@savedlistd=\count267
\c@liste=\count268
\c@savedliste=\count269
\c@listf=\count270
\c@savedlistf=\count271
\c@location=\count272
\c@savedlocation=\count273
\c@organization=\count274
\c@savedorganization=\count275
\c@origlocation=\count276
\c@savedoriglocation=\count277
\c@origpublisher=\count278
\c@savedorigpublisher=\count279
\c@publisher=\count280
\c@savedpublisher=\count281
\c@language=\count282
\c@savedlanguage=\count283
\c@origlanguage=\count284
\c@savedoriglanguage=\count285
\c@pageref=\count286
\c@savedpageref=\count287
\shorthandwidth=\skip66
\shortjournalwidth=\skip67
\shortserieswidth=\skip68
\shorttitlewidth=\skip69
\shortauthorwidth=\skip70
\shorteditorwidth=\skip71
\locallabelnumberwidth=\skip72
\locallabelalphawidth=\skip73
\localshorthandwidth=\skip74
\localshortjournalwidth=\skip75
\localshortserieswidth=\skip76
\localshorttitlewidth=\skip77
\localshortauthorwidth=\skip78
\localshorteditorwidth=\skip79
Package biblatex Info: Trying to load compatibility code...
Package biblatex Info: ... file 'blx-compat.def' found.

(/home/gianluca/.miktex/texmfs/install/tex/latex/biblatex/blx-compat.def
File: blx-compat.def 2019/08/31 v3.13a biblatex compatibility (PK/MW)
)
Package biblatex Info: Trying to load BibTeX backend compatibility...
Package biblatex Info: ... file 'blx-bibtex.def' found.

(/home/gianluca/.miktex/texmfs/install/tex/latex/biblatex/blx-bibtex.def
File: blx-bibtex.def 2019/08/31 v3.13a biblatex compatibility (PK/MW)


Package biblatex Warning: Using fall-back BibTeX(8) backend:
(biblatex)                functionality may be reduced/unavailable.

)
Package biblatex Info: Trying to load generic definitions...
Package biblatex Info: ... file 'biblatex.def' found.
 (/home/gianluca/.miktex/texmfs/install/tex/latex/biblatex/biblatex.def
File: biblatex.def 2019/08/31 v3.13a biblatex compatibility (PK/MW)
\c@textcitecount=\count288
\c@textcitetotal=\count289
\c@textcitemaxnames=\count290
\c@biburlbigbreakpenalty=\count291
\c@biburlbreakpenalty=\count292
\c@biburlnumpenalty=\count293
\c@biburlucpenalty=\count294
\c@biburllcpenalty=\count295
\biburlbigskip=\muskip11
\biburlnumskip=\muskip12
\biburlucskip=\muskip13
\biburllcskip=\muskip14
\c@smartand=\count296
)
Package biblatex Info: Trying to load natbib compatibility...
Package biblatex Info: ... file 'blx-natbib.def' found.

(/home/gianluca/.miktex/texmfs/install/tex/latex/biblatex/blx-natbib.def
File: blx-natbib.def 2019/08/31 v3.13a biblatex compatibility (PK/MW)
Package biblatex Info: Delimiter 'nameyeardelim' in context '' already defined,
 overwriting.
)
Package biblatex Info: Trying to load bibliography style 'numeric-comp'...
Package biblatex Info: ... file 'numeric-comp.bbx' found.

(/home/gianluca/.miktex/texmfs/install/tex/latex/biblatex/bbx/numeric-comp.bbx
File: numeric-comp.bbx 2019/08/31 v3.13a biblatex bibliography style (PK/MW)
Package biblatex Info: Trying to load bibliography style 'numeric'...
Package biblatex Info: ... file 'numeric.bbx' found.

(/home/gianluca/.miktex/texmfs/install/tex/latex/biblatex/bbx/numeric.bbx
File: numeric.bbx 2019/08/31 v3.13a biblatex bibliography style (PK/MW)
Package biblatex Info: Trying to load bibliography style 'standard'...
Package biblatex Info: ... file 'standard.bbx' found.

(/home/gianluca/.miktex/texmfs/install/tex/latex/biblatex/bbx/standard.bbx
File: standard.bbx 2019/08/31 v3.13a biblatex bibliography style (PK/MW)
\c@bbx:relatedcount=\count297
\c@bbx:relatedtotal=\count298
)))
Package biblatex Info: Trying to load citation style 'numeric-comp'...
Package biblatex Info: ... file 'numeric-comp.cbx' found.

(/home/gianluca/.miktex/texmfs/install/tex/latex/biblatex/cbx/numeric-comp.cbx
File: numeric-comp.cbx 2019/08/31 v3.13a biblatex citation style (PK/MW)
\c@cbx@tempcnta=\count299
\c@cbx@tempcntb=\count300
Package biblatex Info: Redefining '\cite'.
Package biblatex Info: Redefining '\parencite'.
Package biblatex Info: Redefining '\footcite'.
Package biblatex Info: Redefining '\footcitetext'.
Package biblatex Info: Redefining '\smartcite'.
Package biblatex Info: Redefining '\supercite'.
Package biblatex Info: Redefining '\textcite'.
Package biblatex Info: Redefining '\textcites'.
Package biblatex Info: Redefining '\cites'.
Package biblatex Info: Redefining '\parencites'.
Package biblatex Info: Redefining '\smartcites'.
)
Package biblatex Info: Trying to load configuration file...
Package biblatex Info: ... file 'biblatex.cfg' found.
(/home/gianluca/.miktex/texmfs/install/tex/latex/biblatex/biblatex.cfg
File: biblatex.cfg 
))
(/usr/local/share/miktex-texmf/tex/latex/amsmath/amsmath.sty
Package: amsmath 2018/12/01 v2.17b AMS math features
\@mathmargin=\skip80

For additional information on amsmath, use the `?' option.
(/usr/local/share/miktex-texmf/tex/latex/amsmath/amstext.sty
Package: amstext 2000/06/29 v2.01 AMS text

(/usr/local/share/miktex-texmf/tex/latex/amsmath/amsgen.sty
File: amsgen.sty 1999/11/30 v2.0 generic functions
\@emptytoks=\toks26
\ex@=\dimen104
))
(/usr/local/share/miktex-texmf/tex/latex/amsmath/amsbsy.sty
Package: amsbsy 1999/11/29 v1.2d Bold Symbols
\pmbraise@=\dimen105
)
(/usr/local/share/miktex-texmf/tex/latex/amsmath/amsopn.sty
Package: amsopn 2016/03/08 v2.02 operator names
)
\inf@bad=\count301
LaTeX Info: Redefining \frac on input line 223.
\uproot@=\count302
\leftroot@=\count303
LaTeX Info: Redefining \overline on input line 385.
\classnum@=\count304
\DOTSCASE@=\count305
LaTeX Info: Redefining \ldots on input line 482.
LaTeX Info: Redefining \dots on input line 485.
LaTeX Info: Redefining \cdots on input line 606.
\Mathstrutbox@=\box29
\strutbox@=\box30
\big@size=\dimen106
LaTeX Font Info:    Redeclaring font encoding OML on input line 729.
LaTeX Font Info:    Redeclaring font encoding OMS on input line 730.
\macc@depth=\count306
\c@MaxMatrixCols=\count307
\dotsspace@=\muskip15
\c@parentequation=\count308
\dspbrk@lvl=\count309
\tag@help=\toks27
\row@=\count310
\column@=\count311
\maxfields@=\count312
\andhelp@=\toks28
\eqnshift@=\dimen107
\alignsep@=\dimen108
\tagshift@=\dimen109
\tagwidth@=\dimen110
\totwidth@=\dimen111
\lineht@=\dimen112
\@envbody=\toks29
\multlinegap=\skip81
\multlinetaggap=\skip82
\mathdisplay@stack=\toks30
LaTeX Info: Redefining \[ on input line 2844.
LaTeX Info: Redefining \] on input line 2845.
)
(/usr/local/share/miktex-texmf/tex/latex/graphics/graphicx.sty
Package: graphicx 2017/06/01 v1.1a Enhanced LaTeX Graphics (DPC,SPQR)

(/usr/local/share/miktex-texmf/tex/latex/graphics/graphics.sty
Package: graphics 2017/06/25 v1.2c Standard LaTeX Graphics (DPC,SPQR)

(/usr/local/share/miktex-texmf/tex/latex/graphics/trig.sty
Package: trig 2016/01/03 v1.10 sin cos tan (DPC)
)
(/usr/local/share/miktex-texmf/tex/latex/graphics-cfg/graphics.cfg
File: graphics.cfg 2016/06/04 v1.11 sample graphics configuration
)
Package graphics Info: Driver file: pdftex.def on input line 99.

(/usr/local/share/miktex-texmf/tex/latex/graphics-def/pdftex.def
File: pdftex.def 2018/01/08 v1.0l Graphics/color driver for pdftex
))
\Gin@req@height=\dimen113
\Gin@req@width=\dimen114
)
(/home/gianluca/.miktex/texmfs/install/tex/latex/koma-script/scrhack.sty
Package: scrhack 2019/02/01 v3.26b KOMA-Script package 

(/home/gianluca/.miktex/texmfs/install/tex/latex/xpatch/xpatch.sty
(/home/gianluca/.miktex/texmfs/install/tex/latex/l3kernel/expl3.sty
Package: expl3 2019-09-05 L3 programming layer (loader) 

(/home/gianluca/.miktex/texmfs/install/tex/latex/l3kernel/expl3-code.tex
Package: expl3 2019-09-05 L3 programming layer (code)
\c_max_int=\count313
\l_tmpa_int=\count314
\l_tmpb_int=\count315
\g_tmpa_int=\count316
\g_tmpb_int=\count317
\g__kernel_prg_map_int=\count318
\c__ior_term_noprompt_ior=\count319
\c_log_iow=\count320
\l_iow_line_count_int=\count321
\l__iow_line_target_int=\count322
\l__iow_one_indent_int=\count323
\l__iow_indent_int=\count324
\c_zero_dim=\dimen115
\c_max_dim=\dimen116
\l_tmpa_dim=\dimen117
\l_tmpb_dim=\dimen118
\g_tmpa_dim=\dimen119
\g_tmpb_dim=\dimen120
\c_zero_skip=\skip83
\c_max_skip=\skip84
\l_tmpa_skip=\skip85
\l_tmpb_skip=\skip86
\g_tmpa_skip=\skip87
\g_tmpb_skip=\skip88
\c_zero_muskip=\muskip16
\c_max_muskip=\muskip17
\l_tmpa_muskip=\muskip18
\l_tmpb_muskip=\muskip19
\g_tmpa_muskip=\muskip20
\g_tmpb_muskip=\muskip21
\l_keys_choice_int=\count325
\l__intarray_loop_int=\count326
\c__intarray_sp_dim=\dimen121
\g__intarray_font_int=\count327
\c__fp_leading_shift_int=\count328
\c__fp_middle_shift_int=\count329
\c__fp_trailing_shift_int=\count330
\c__fp_big_leading_shift_int=\count331
\c__fp_big_middle_shift_int=\count332
\c__fp_big_trailing_shift_int=\count333
\c__fp_Bigg_leading_shift_int=\count334
\c__fp_Bigg_middle_shift_int=\count335
\c__fp_Bigg_trailing_shift_int=\count336
\c__kernel_randint_max_int=\count337
\g__fp_array_int=\count338
\l__fp_array_loop_int=\count339
\l__sort_length_int=\count340
\l__sort_min_int=\count341
\l__sort_top_int=\count342
\l__sort_max_int=\count343
\l__sort_true_max_int=\count344
\l__sort_block_int=\count345
\l__sort_begin_int=\count346
\l__sort_end_int=\count347
\l__sort_A_int=\count348
\l__sort_B_int=\count349
\l__sort_C_int=\count350
\l__str_internal_int=\count351
\c__str_replacement_char_int=\count352
\l__tl_analysis_normal_int=\count353
\l__tl_analysis_index_int=\count354
\l__tl_analysis_nesting_int=\count355
\l__tl_analysis_type_int=\count356
\l__regex_internal_a_int=\count357
\l__regex_internal_b_int=\count358
\l__regex_internal_c_int=\count359
\l__regex_balance_int=\count360
\l__regex_group_level_int=\count361
\l__regex_mode_int=\count362
\c__regex_cs_in_class_mode_int=\count363
\c__regex_cs_mode_int=\count364
\l__regex_catcodes_int=\count365
\l__regex_default_catcodes_int=\count366
\c__regex_catcode_D_int=\count367
\c__regex_catcode_S_int=\count368
\c__regex_catcode_L_int=\count369
\c__regex_catcode_O_int=\count370
\c__regex_catcode_A_int=\count371
\c__regex_all_catcodes_int=\count372
\l__regex_show_lines_int=\count373
\l__regex_min_state_int=\count374
\l__regex_max_state_int=\count375
\l__regex_left_state_int=\count376
\l__regex_right_state_int=\count377
\l__regex_capturing_group_int=\count378
\l__regex_min_pos_int=\count379
\l__regex_max_pos_int=\count380
\l__regex_curr_pos_int=\count381
\l__regex_start_pos_int=\count382
\l__regex_success_pos_int=\count383
\l__regex_curr_char_int=\count384
\l__regex_curr_catcode_int=\count385
\l__regex_last_char_int=\count386
\l__regex_case_changed_char_int=\count387
\l__regex_curr_state_int=\count388
\l__regex_step_int=\count389
\l__regex_min_active_int=\count390
\l__regex_max_active_int=\count391
\l__regex_replacement_csnames_int=\count392
\l__regex_match_count_int=\count393
\l__regex_min_submatch_int=\count394
\l__regex_submatch_int=\count395
\l__regex_zeroth_submatch_int=\count396
\g__regex_trace_regex_int=\count397
\c_empty_box=\box31
\l_tmpa_box=\box32
\l_tmpb_box=\box33
\g_tmpa_box=\box34
\g_tmpb_box=\box35
\l__box_top_dim=\dimen122
\l__box_bottom_dim=\dimen123
\l__box_left_dim=\dimen124
\l__box_right_dim=\dimen125
\l__box_top_new_dim=\dimen126
\l__box_bottom_new_dim=\dimen127
\l__box_left_new_dim=\dimen128
\l__box_right_new_dim=\dimen129
\l__box_internal_box=\box36
\l__coffin_internal_box=\box37
\l__coffin_internal_dim=\dimen130
\l__coffin_offset_x_dim=\dimen131
\l__coffin_offset_y_dim=\dimen132
\l__coffin_x_dim=\dimen133
\l__coffin_y_dim=\dimen134
\l__coffin_x_prime_dim=\dimen135
\l__coffin_y_prime_dim=\dimen136
\c_empty_coffin=\box38
\l__coffin_aligned_coffin=\box39
\l__coffin_aligned_internal_coffin=\box40
\l_tmpa_coffin=\box41
\l_tmpb_coffin=\box42
\g_tmpa_coffin=\box43
\g_tmpb_coffin=\box44
\l__coffin_bounding_shift_dim=\dimen137
\l__coffin_left_corner_dim=\dimen138
\l__coffin_right_corner_dim=\dimen139
\l__coffin_bottom_corner_dim=\dimen140
\l__coffin_top_corner_dim=\dimen141
\l__coffin_scaled_total_height_dim=\dimen142
\l__coffin_scaled_width_dim=\dimen143
\c__coffin_empty_coffin=\box45
\l__coffin_display_coffin=\box46
\l__coffin_display_coord_coffin=\box47
\l__coffin_display_pole_coffin=\box48
\l__coffin_display_offset_dim=\dimen144
\l__coffin_display_x_dim=\dimen145
\l__coffin_display_y_dim=\dimen146
\g__char_data_ior=\read2
\l__seq_internal_a_int=\count398
\l__seq_internal_b_int=\count399
)
(/home/gianluca/.miktex/texmfs/install/tex/latex/l3backend/l3backend-pdfmode.de
f
File: l3backend-pdfmode.def 2019-04-06 v L3 backend support: PDF mode
\l__kernel_color_stack_int=\count400
\l__pdf_internal_box=\box49
))
Package: xpatch 2012/10/02 v0.3 Extending etoolbox patching commands

(/home/gianluca/.miktex/texmfs/install/tex/latex/l3packages/xparse/xparse.sty
Package: xparse 2019-05-28 L3 Experimental document command parser
\l__xparse_current_arg_int=\count401
\g__xparse_grabber_int=\count402
\l__xparse_m_args_int=\count403
\l__xparse_v_nesting_int=\count404
))) (/usr/local/share/miktex-texmf/tex/latex/tools/xspace.sty
Package: xspace 2014/10/28 v1.13 Space after command names (DPC,MH)
)
(/home/gianluca/.miktex/texmfs/install/tex/latex/acronym/acronym.sty
Package: acronym 2015/03/21 v1.41 Support for acronyms (Tobias Oetiker)

(/home/gianluca/.miktex/texmfs/install/tex/latex/bigfoot/suffix.sty
Package: suffix 2006/07/15 1.5a Variant command support
)
(/home/gianluca/.miktex/texmfs/install/tex/latex/xstring/xstring.sty
(/home/gianluca/.miktex/texmfs/install/tex/generic/xstring/xstring.tex
\integerpart=\count405
\decimalpart=\count406
)
Package: xstring 2019/02/06 v1.83 String manipulations (CT)
)
(/home/gianluca/.miktex/texmfs/install/tex/latex/relsize/relsize.sty
Package: relsize 2013/03/29 ver 4.1
)
\AC@clearlist=\toks31
)
(/usr/local/share/miktex-texmf/tex/latex/tools/tabularx.sty
Package: tabularx 2016/02/03 v2.11b `tabularx' package (DPC)

(/usr/local/share/miktex-texmf/tex/latex/tools/array.sty
Package: array 2018/12/30 v2.4k Tabular extension package (FMi)
\col@sep=\dimen147
\ar@mcellbox=\box50
\extrarowheight=\dimen148
\NC@list=\toks32
\extratabsurround=\skip89
\backup@length=\skip90
\ar@cellbox=\box51
)
\TX@col@width=\dimen149
\TX@old@table=\dimen150
\TX@old@col=\dimen151
\TX@target=\dimen152
\TX@delta=\dimen153
\TX@cols=\count407
\TX@ftn=\toks33
)
(/home/gianluca/.miktex/texmfs/install/tex/latex/subfig/subfig.sty
Package: subfig 2005/06/28 ver: 1.3 subfig package

(/home/gianluca/.miktex/texmfs/install/tex/latex/caption/caption.sty
Package: caption 2019/09/01 v3.3d Customizing captions (AR)

(/home/gianluca/.miktex/texmfs/install/tex/latex/caption/caption3.sty
Package: caption3 2019/09/01 v1.8d caption3 kernel (AR)
Package caption3 Info: TeX engine: e-TeX on input line 64.
\captionmargin=\dimen154
\captionmargin@=\dimen155
\captionwidth=\dimen156
\caption@tempdima=\dimen157
\caption@indent=\dimen158
\caption@parindent=\dimen159
\caption@hangindent=\dimen160
)
Package caption Info: KOMA-Script document class.
\c@caption@flags=\count408
\c@ContinuedFloat=\count409
)
\c@KVtest=\count410
\sf@farskip=\skip91
\sf@captopadj=\dimen161
\sf@capskip=\skip92
\sf@nearskip=\skip93
\c@subfigure=\count411
\c@subfigure@save=\count412
\c@lofdepth=\count413
\c@subtable=\count414
\c@subtable@save=\count415
\c@lotdepth=\count416
\sf@top=\skip94
\sf@bottom=\skip95
)
(/home/gianluca/.miktex/texmfs/install/tex/latex/listings/listings.sty
\lst@mode=\count417
\lst@gtempboxa=\box52
\lst@token=\toks34
\lst@length=\count418
\lst@currlwidth=\dimen162
\lst@column=\count419
\lst@pos=\count420
\lst@lostspace=\dimen163
\lst@width=\dimen164
\lst@newlines=\count421
\lst@lineno=\count422
\lst@maxwidth=\dimen165

(/home/gianluca/.miktex/texmfs/install/tex/latex/listings/lstmisc.sty
File: lstmisc.sty 2019/02/27 1.8b (Carsten Heinz)
\c@lstnumber=\count423
\lst@skipnumbers=\count424
\lst@framebox=\box53
)
(/home/gianluca/.miktex/texmfs/install/tex/latex/listings/listings.cfg
File: listings.cfg 2019/02/27 1.8b listings configuration
))
Package scrhack Info: loading listings hack on input line 142.

(/home/gianluca/.miktex/texmfs/install/tex/latex/koma-script/listings.hak
File: listings.hak 2019/02/01 v3.26b KOMA-Script package (hacking package listi
ngs)
Package tocbasic Info: setting babel extension for `lol' on input line 137.
Package scrhack Info: redefining \lstlistoflistings on input line 137.
)
Package: listings 2019/02/27 1.8b (Carsten Heinz)

(/home/gianluca/.miktex/texmfs/install/tex/latex/soul/soul.sty
Package: soul 2003/11/17 v2.4 letterspacing/underlining (mf)
\SOUL@word=\toks35
\SOUL@lasttoken=\toks36
\SOUL@cmds=\toks37
\SOUL@buffer=\toks38
\SOUL@token=\toks39
\SOUL@spaceskip=\skip96
\SOUL@ttwidth=\dimen166
\SOUL@uldp=\dimen167
\SOUL@ulht=\dimen168
)

Class scrreprt Warning: Usage of package `minitoc' together
(scrreprt)              with a KOMA-Script class is not recommended.
(scrreprt)              Nevertheless, using requested
(scrreprt)              package `minitoc' on input line 170.

(/home/gianluca/.miktex/texmfs/install/tex/latex/minitoc/minitoc.sty
Package: minitoc 2018/07/12 v62 Package minitoc

(/home/gianluca/.miktex/texmfs/install/tex/latex/minitoc/mtcmess.sty
Package: mtcmess 2006/03/14
)
Package minitoc Info: I0001
(minitoc)             *** minitoc package, version 62 ***.
\tf@mtc=\write4
\mtcindent=\skip97
\mtcskipamount=\skip98
Package minitoc Info: I0005
(minitoc)             compatible with hyperref.
Package minitoc Info: I0023
(minitoc)             part level macros available.
Package minitoc Info: I0003
(minitoc)             chapter level macros available.
\mtc@toks=\toks40
\mtc@strutbox=\box54
\mtc@hstrutbox=\box55
Package minitoc Info: I0002
(minitoc)             Autoconfiguration of extensions.
\openout4 = `ClassicThesis.mtc0'.

\openout4 = `ClassicThesis.mtc'.


(ClassicThesis.mtc0)
Package minitoc Info: I0012
(minitoc)             Long extensions (Unix-like) will be used.
Package minitoc Info: I0031
(minitoc)             ==> this version is configured for UNIX-like 
(minitoc)                 (long extensions) file names.
\openout4 = `ClassicThesis.mtc'.

\openout4 = `ClassicThesis.mtc0'.

\c@mtc=\count425
\c@minitocdepth=\count426
\c@ptc=\count427
\c@parttocdepth=\count428
\ptcindent=\skip99
Package minitoc Info: I0010
(minitoc)             The english language is selected.
(minitoc)              on input line 4910.

(/home/gianluca/.miktex/texmfs/install/tex/latex/minitoc/english.mld
File: english.mld 2006/01/13
)
(/home/gianluca/.miktex/texmfs/install/tex/latex/minitoc/english.mld
File: english.mld 2006/01/13
))
Class scrreprt Info: Deactivating the `minitoc' workaround for `\@sect',
(scrreprt)           because it is not needed on input line 170.

(/home/gianluca/.miktex/texmfs/install/tex/latex/enumitem/enumitem.sty
Package: enumitem 2019/06/20 v3.9 Customized lists
\labelindent=\skip100
\enit@outerparindent=\dimen169
\enit@toks=\toks41
\enit@inbox=\box56
\enit@count@id=\count429
\enitdp@description=\count430
)
(/home/gianluca/development/phd_thesis/classicthesis.sty
Package: classicthesis 2018/06/03 v4.6 Typographic style for a classic-looking 
thesis

(/usr/local/share/miktex-texmf/tex/generic/ifxetex/ifxetex.sty
Package: ifxetex 2010/09/12 v0.6 Provides ifxetex conditional
)
(/home/gianluca/.miktex/texmfs/install/tex/latex/xcolor/xcolor.sty
Package: xcolor 2016/05/11 v2.12 LaTeX color extensions (UK)

(/usr/local/share/miktex-texmf/tex/latex/graphics-cfg/color.cfg
File: color.cfg 2016/01/02 v1.6 sample color configuration
)
Package xcolor Info: Driver file: pdftex.def on input line 225.
Package xcolor Info: Model `cmy' substituted by `cmy0' on input line 1348.
Package xcolor Info: Model `hsb' substituted by `rgb' on input line 1352.
Package xcolor Info: Model `RGB' extended on input line 1364.
Package xcolor Info: Model `HTML' substituted by `rgb' on input line 1366.
Package xcolor Info: Model `Hsb' substituted by `hsb' on input line 1367.
Package xcolor Info: Model `tHsb' substituted by `hsb' on input line 1368.
Package xcolor Info: Model `HSB' substituted by `hsb' on input line 1369.
Package xcolor Info: Model `Gray' substituted by `gray' on input line 1370.
Package xcolor Info: Model `wave' substituted by `hsb' on input line 1371.

(/usr/local/share/miktex-texmf/tex/latex/graphics/dvipsnam.def
File: dvipsnam.def 2016/06/17 v3.0m Driver-dependent file (DPC,SPQR)
))
(/home/gianluca/.miktex/texmfs/install/tex/latex/bera/beramono.sty
Package: beramono 2004/01/31 (WaS)
)
LaTeX Font Info:    Try loading font information for U+eur on input line 202.

(/usr/local/share/miktex-texmf/tex/latex/amsfonts/ueur.fd
File: ueur.fd 2013/01/14 v3.01 Euler Roman
)
(/home/gianluca/.miktex/texmfs/install/tex/latex/microtype/microtype.sty
Package: microtype 2019/02/28 v2.7b Micro-typographical refinements (RS)
\MT@toks=\toks42
\MT@count=\count431
LaTeX Info: Redefining \textls on input line 790.
\MT@outer@kern=\dimen170
LaTeX Info: Redefining \textmicrotypecontext on input line 1336.
\MT@listname@count=\count432

(/home/gianluca/.miktex/texmfs/install/tex/latex/microtype/microtype-pdftex.def
File: microtype-pdftex.def 2019/02/28 v2.7b Definitions specific to pdftex (RS)

LaTeX Info: Redefining \lsstyle on input line 914.
LaTeX Info: Redefining \lslig on input line 914.
\MT@outer@space=\skip101
)
Package microtype Info: Loading configuration file microtype.cfg.
 (/home/gianluca/.miktex/texmfs/install/tex/latex/microtype/microtype.cfg
File: microtype.cfg 2019/02/28 v2.7b microtype main configuration file (RS)
))
Package classicthesis Info: A5 paper, Palatino or other on input line 243.
Package typearea Info: These are the values describing the layout:
(typearea)             DIV  = areaset
(typearea)             BCOR = 14.22636pt
(typearea)             \paperwidth      = 421.10083pt
(typearea)              \textwidth      = 288.0pt
(typearea)              \evensidemargin = 1.3936pt
(typearea)              \oddsidemargin  = 1.3936pt
(typearea)             \paperheight     = 597.50793pt
(typearea)              \textheight     = 480.0pt
(typearea)              \topmargin      = -58.10068pt
(typearea)              \headheight     = 15.0pt
(typearea)              \headsep        = 18.0pt
(typearea)              \topskip        = 10.0pt
(typearea)              \footskip       = 42.0pt
(typearea)              \baselineskip   = 12.0pt
(typearea)              on input line 243.

(/home/gianluca/.miktex/texmfs/install/tex/latex/mparhack/mparhack.sty
Package: mparhack 2005/04/17 v1.4 (T. Sgouros and S. Ulrich)
)
(/home/gianluca/.miktex/texmfs/install/tex/latex/booktabs/booktabs.sty
Package: booktabs 2005/04/14 v1.61803 publication quality tables
\heavyrulewidth=\dimen171
\lightrulewidth=\dimen172
\cmidrulewidth=\dimen173
\belowrulesep=\dimen174
\belowbottomsep=\dimen175
\aboverulesep=\dimen176
\abovetopsep=\dimen177
\cmidrulesep=\dimen178
\cmidrulekern=\dimen179
\defaultaddspace=\dimen180
\@cmidla=\count433
\@cmidlb=\count434
\@aboverulesep=\dimen181
\@belowrulesep=\dimen182
\@thisruleclass=\count435
\@lastruleclass=\count436
\@thisrulewidth=\dimen183
)
(/home/gianluca/.miktex/texmfs/install/tex/latex/textcase/textcase.sty
Package: textcase 2004/10/07 v0.07 Text only upper/lower case changing (DPC)
)
Package classicthesis Info: Using microtype for character spacing.Make sure you
r pdflatex is version 1.40 or higher. on input line 321.

(/home/gianluca/.miktex/texmfs/install/tex/latex/koma-script/scrlayer-scrpage.s
ty
Package: scrlayer-scrpage 2019/02/01 v3.26b KOMA-Script package (end user inter
face for scrlayer)
 (/home/gianluca/.miktex/texmfs/install/tex/latex/koma-script/scrlayer.sty
Package: scrlayer 2019/02/01 v3.26b KOMA-Script package (defining layers and pa
ge styles)
Package scrlayer Info: Using already defined \footheight
(scrlayer)             hoping, that this is a length and
(scrlayer)             not only a macro on input line 109.
Package scrlayer Info: patching LaTeX kernel macro \pagestyle on input line 208
3.
)
Package scrlayer-scrpage Info: Makeing stand-alone element `pagehead' from
(scrlayer-scrpage)             alias to `pageheadfoot' on input line 1241.
Package scrlayer-scrpage Info: deactivating warning for font element
(scrlayer-scrpage)             `pagefoot' on input line 1268.
)
Package scrlayer-scrpage Info: auto-selection of `pagestyleset=KOMA-Script'.

1: section
1: chapter
1: chapter
1: section
(/home/gianluca/.miktex/texmfs/install/tex/latex/titlesec/titlesec.sty
Package: titlesec 2019/07/16 v2.11 Sectioning titles
\ttl@box=\box57
\beforetitleunit=\skip102
\aftertitleunit=\skip103
\ttl@plus=\dimen184
\ttl@minus=\dimen185
\ttl@toksa=\toks43
\titlewidth=\dimen186
\titlewidthlast=\dimen187
\titlewidthfirst=\dimen188
)
Class scrreprt Info: Deactivating the `titlesec' workaround,
(scrreprt)           because package is newer than expected on input line 362.


Class scrreprt Warning: Usage of package `tocloft' together
(scrreprt)              with a KOMA-Script class is not recommended.
(scrreprt)              I'd suggest to use options like `listof=entryprefix',
(scrreprt)              commands like `\listoflofentryname' or
(scrreprt)              `\listoflotentryname', and `\DeclareTOCStyleEntry' or
(scrreprt)              `\RedeclareSectionCommand' instead of this package,
(scrreprt)              because it breaks several KOMA-Script features of
(scrreprt)              the list of figures, list of tables and table of
(scrreprt)              contents, i.e., options like `listof=numbered',
(scrreprt)              `listof=flat or `toc=flat', commands like
(scrreprt)              `\BeforeTOCHead{...}' and `\AfterTOCHead{...}',
(scrreprt)              `\BeforeStartingTOC{...}' and \AfterStartingTOC{...}',
(scrreprt)              all features of `\DeclareTOCStyleEntry',
(scrreprt)              and the ToC entry features of `\DeclareSecionCommand'
(scrreprt)              and `\RedeclareSectionCommand' of levels
(scrreprt)              `part', `section', `subsection',
(scrreprt)              `subsubsection', `paragraph' and `subparagraph'.
(scrreprt)              Nevertheless, using requested
(scrreprt)              package `tocloft' on input line 416.

(/home/gianluca/.miktex/texmfs/install/tex/latex/tocloft/tocloft.sty
Package: tocloft 2017/08/31 v2.3i parameterised ToC, etc., typesetting
Package tocloft Info: The document has chapter divisions on input line 51.
\cftparskip=\skip104
\cftbeforetoctitleskip=\skip105
\cftaftertoctitleskip=\skip106
\cftbeforepartskip=\skip107
\cftpartnumwidth=\skip108
\cftpartindent=\skip109
\cftbeforechapskip=\skip110
\cftchapindent=\skip111
\cftchapnumwidth=\skip112
\cftbeforesecskip=\skip113
\cftsecindent=\skip114
\cftsecnumwidth=\skip115
\cftbeforesubsecskip=\skip116
\cftsubsecindent=\skip117
\cftsubsecnumwidth=\skip118
\cftbeforesubsubsecskip=\skip119
\cftsubsubsecindent=\skip120
\cftsubsubsecnumwidth=\skip121
\cftbeforeparaskip=\skip122
\cftparaindent=\skip123
\cftparanumwidth=\skip124
\cftbeforesubparaskip=\skip125
\cftsubparaindent=\skip126
\cftsubparanumwidth=\skip127
\cftbeforeloftitleskip=\skip128
\cftafterloftitleskip=\skip129
\cftbeforefigskip=\skip130
\cftfigindent=\skip131
\cftfignumwidth=\skip132
\cftbeforelottitleskip=\skip133
\cftafterlottitleskip=\skip134
\cftbeforetabskip=\skip135
\cfttabindent=\skip136
\cfttabnumwidth=\skip137
\cftbeforesubfigskip=\skip138
\cftsubfigindent=\skip139
\cftsubfignumwidth=\skip140
\cftbeforesubtabskip=\skip141
\cftsubtabindent=\skip142
\cftsubtabnumwidth=\skip143
)
\newnumberwidth=\skip144
\beforebibskip=\skip145
\newchnumberwidth=\skip146
\figurelabelwidth=\skip147
\tablelabelwidth=\skip148
\c@listings=\count437
\cftbeforelistingsskip=\skip149
\cftlistingsindent=\skip150
\cftlistingsnumwidth=\skip151
\c@loldepth=\count438
\cftbeforeloltitleskip=\skip152
\cftafterloltitleskip=\skip153
\listingslabelwidth=\skip154

Using KOMA-command "deffootnote" for footnote setup
(/home/gianluca/.miktex/texmfs/install/tex/latex/koma-script/scrtime.sty
Package: scrtime 2019/02/01 v3.26b KOMA-Script package (time of LaTeX run)
)
(/home/gianluca/development/phd_thesis/classicthesis-arsclassica.sty
Package: classicthesis-arsclassica 2018/05/20
)
Package scrhack Info: hyperref hack deactivated because of
(scrhack)             detection of KOMA-Script class, that doesn't
(scrhack)             need that hack, on input line 677.

(/usr/local/share/miktex-texmf/tex/latex/hyperref/hyperref.sty
Package: hyperref 2019/09/12 v6.88i Hypertext links for LaTeX

(/usr/local/share/miktex-texmf/tex/generic/oberdiek/hobsub-hyperref.sty
Package: hobsub-hyperref 2016/05/16 v1.14 Bundle oberdiek, subset hyperref (HO)


(/usr/local/share/miktex-texmf/tex/generic/oberdiek/hobsub-generic.sty
Package: hobsub-generic 2016/05/16 v1.14 Bundle oberdiek, subset generic (HO)
Package: hobsub 2016/05/16 v1.14 Construct package bundles (HO)
Package hobsub Info: Skipping package `infwarerr' (already loaded).
Package hobsub Info: Skipping package `ltxcmds' (already loaded).
Package hobsub Info: Skipping package `ifluatex' (already loaded).
Package: ifvtex 2016/05/16 v1.6 Detect VTeX and its facilities (HO)
Package ifvtex Info: VTeX not detected.
Package: intcalc 2016/05/16 v1.2 Expandable calculations with integers (HO)
Package hobsub Info: Skipping package `ifpdf' (already loaded).
Package hobsub Info: Skipping package `etexcmds' (already loaded).
Package hobsub Info: Skipping package `kvsetkeys' (already loaded).
Package: kvdefinekeys 2016/05/16 v1.4 Define keys (HO)
Package hobsub Info: Skipping package `pdftexcmds' (already loaded).
Package: pdfescape 2016/05/16 v1.14 Implements pdfTeX's escape features (HO)
Package: bigintcalc 2016/05/16 v1.4 Expandable calculations on big integers (HO
)
Package: bitset 2016/05/16 v1.2 Handle bit-vector datatype (HO)
Package: uniquecounter 2016/05/16 v1.3 Provide unlimited unique counter (HO)
)
Package hobsub Info: Skipping package `hobsub' (already loaded).
Package: letltxmacro 2016/05/16 v1.5 Let assignment for LaTeX macros (HO)
Package: hopatch 2016/05/16 v1.3 Wrapper for package hooks (HO)
Package: xcolor-patch 2016/05/16 xcolor patch
Package: atveryend 2016/05/16 v1.9 Hooks at the very end of document (HO)
Package: atbegshi 2016/06/09 v1.18 At begin shipout hook (HO)
Package: refcount 2016/05/16 v3.5 Data extraction from label references (HO)
Package: hycolor 2016/05/16 v1.8 Color options for hyperref/bookmark (HO)
)
(/usr/local/share/miktex-texmf/tex/latex/oberdiek/auxhook.sty
Package: auxhook 2016/05/16 v1.4 Hooks for auxiliary files (HO)
)
\@linkdim=\dimen189
\Hy@linkcounter=\count439
\Hy@pagecounter=\count440

(/usr/local/share/miktex-texmf/tex/latex/hyperref/pd1enc.def
File: pd1enc.def 2019/09/12 v6.88i Hyperref: PDFDocEncoding definition (HO)
Now handling font encoding PD1 ...
... no UTF-8 mapping file for font encoding PD1
)
\Hy@SavedSpaceFactor=\count441

(/usr/local/share/miktex-texmf/tex/latex/00miktex/hyperref.cfg
File: hyperref.cfg 2002/06/06 v1.2 hyperref configuration of TeXLive
)
Package hyperref Info: Option `hyperfootnotes' set `false' on input line 4424.
Package hyperref Info: Hyper figures OFF on input line 4550.
Package hyperref Info: Link nesting OFF on input line 4555.
Package hyperref Info: Hyper index ON on input line 4558.
Package hyperref Info: Plain pages OFF on input line 4565.
Package hyperref Info: Backreferencing OFF on input line 4570.
Package hyperref Info: Implicit mode ON; LaTeX internals redefined.
Package hyperref Info: Bookmarks ON on input line 4803.
\c@Hy@tempcnt=\count442
LaTeX Info: Redefining \url on input line 5156.
\XeTeXLinkMargin=\dimen190
\Fld@menulength=\count443
\Field@Width=\dimen191
\Fld@charsize=\dimen192
Package hyperref Info: Hyper figures OFF on input line 6411.
Package hyperref Info: Link nesting OFF on input line 6416.
Package hyperref Info: Hyper index ON on input line 6419.
Package hyperref Info: backreferencing OFF on input line 6426.
Package hyperref Info: Link coloring OFF on input line 6431.
Package hyperref Info: Link coloring with OCG OFF on input line 6436.
Package hyperref Info: PDF/A mode OFF on input line 6441.
LaTeX Info: Redefining \ref on input line 6481.
LaTeX Info: Redefining \pageref on input line 6485.
\Hy@abspage=\count444
\c@Item=\count445
)
Package hyperref Info: Driver (autodetected): hpdftex.

(/usr/local/share/miktex-texmf/tex/latex/hyperref/hpdftex.def
File: hpdftex.def 2019/09/12 v6.88i Hyperref driver for pdfTeX
\Fld@listcount=\count446
\c@bookmark@seq@number=\count447

(/usr/local/share/miktex-texmf/tex/latex/oberdiek/rerunfilecheck.sty
Package: rerunfilecheck 2016/05/16 v1.8 Rerun checks for auxiliary files (HO)
Package uniquecounter Info: New unique counter `rerunfilecheck' on input line 2
82.
)
\Hy@SectionHShift=\skip155
)
Package hyperref Info: Option `colorlinks' set `true' on input line 679.
Package hyperref Info: Option `linktocpage' set `true' on input line 679.
Package hyperref Info: Option `breaklinks' set `true' on input line 679.
)
Package hyperref Info: Option `colorlinks' set `true' on input line 198.
Package hyperref Info: Option `linktocpage' set `true' on input line 198.
Package hyperref Info: Option `breaklinks' set `true' on input line 198.
Package hyperref Info: Option `pageanchor' set `true' on input line 198.
Package hyperref Info: Option `plainpages' set `false' on input line 198.
Package hyperref Info: Option `bookmarksnumbered' set `true' on input line 198.

Package hyperref Info: Option `bookmarksopen' set `true' on input line 198.
Package hyperref Info: Option `hypertexnames' set `true' on input line 198.

(/usr/local/share/miktex-texmf/tex/latex/roboto/roboto.sty
Package: roboto 2019/04/19 (Bob Tennent) Supports Roboto fonts for all LaTeX en
gines.

(/usr/local/share/miktex-texmf/tex/latex/xkeyval/xkeyval.sty
Package: xkeyval 2014/12/03 v2.7a package option processing (HA)

(/usr/local/share/miktex-texmf/tex/generic/xkeyval/xkeyval.tex
(/usr/local/share/miktex-texmf/tex/generic/xkeyval/xkvutils.tex
\XKV@toks=\toks44
\XKV@tempa@toks=\toks45
)
\XKV@depth=\count448
File: xkeyval.tex 2014/12/03 v2.7a key=value parser (HA)
))
(/usr/local/share/miktex-texmf/tex/latex/base/textcomp.sty
Package: textcomp 2018/08/11 v2.0j Standard LaTeX package
Package textcomp Info: Sub-encoding information:
(textcomp)               5 = only ISO-Adobe without \textcurrency
(textcomp)               4 = 5 + \texteuro
(textcomp)               3 = 4 + \textohm
(textcomp)               2 = 3 + \textestimated + \textcurrency
(textcomp)               1 = TS1 - \textcircled - \t
(textcomp)               0 = TS1 (full)
(textcomp)             Font families with sub-encoding setting implement
(textcomp)             only a restricted character set as indicated.
(textcomp)             Family '?' is the default used for unknown fonts.
(textcomp)             See the documentation for details.
Package textcomp Info: Setting ? sub-encoding to TS1/1 on input line 79.

(/usr/local/share/miktex-texmf/tex/latex/base/ts1enc.def
File: ts1enc.def 2001/06/05 v3.0e (jk/car/fm) Standard LaTeX file
Now handling font encoding TS1 ...
... processing UTF-8 mapping file for font encoding TS1

(/usr/local/share/miktex-texmf/tex/latex/base/ts1enc.dfu
File: ts1enc.dfu 2018/10/05 v1.2f UTF-8 support for inputenc
   defining Unicode char U+00A2 (decimal 162)
   defining Unicode char U+00A3 (decimal 163)
   defining Unicode char U+00A4 (decimal 164)
   defining Unicode char U+00A5 (decimal 165)
   defining Unicode char U+00A6 (decimal 166)
   defining Unicode char U+00A7 (decimal 167)
   defining Unicode char U+00A8 (decimal 168)
   defining Unicode char U+00A9 (decimal 169)
   defining Unicode char U+00AA (decimal 170)
   defining Unicode char U+00AC (decimal 172)
   defining Unicode char U+00AE (decimal 174)
   defining Unicode char U+00AF (decimal 175)
   defining Unicode char U+00B0 (decimal 176)
   defining Unicode char U+00B1 (decimal 177)
   defining Unicode char U+00B2 (decimal 178)
   defining Unicode char U+00B3 (decimal 179)
   defining Unicode char U+00B4 (decimal 180)
   defining Unicode char U+00B5 (decimal 181)
   defining Unicode char U+00B6 (decimal 182)
   defining Unicode char U+00B7 (decimal 183)
   defining Unicode char U+00B9 (decimal 185)
   defining Unicode char U+00BA (decimal 186)
   defining Unicode char U+00BC (decimal 188)
   defining Unicode char U+00BD (decimal 189)
   defining Unicode char U+00BE (decimal 190)
   defining Unicode char U+00D7 (decimal 215)
   defining Unicode char U+00F7 (decimal 247)
   defining Unicode char U+0192 (decimal 402)
   defining Unicode char U+02C7 (decimal 711)
   defining Unicode char U+02D8 (decimal 728)
   defining Unicode char U+02DD (decimal 733)
   defining Unicode char U+0E3F (decimal 3647)
   defining Unicode char U+2016 (decimal 8214)
   defining Unicode char U+2020 (decimal 8224)
   defining Unicode char U+2021 (decimal 8225)
   defining Unicode char U+2022 (decimal 8226)
   defining Unicode char U+2030 (decimal 8240)
   defining Unicode char U+2031 (decimal 8241)
   defining Unicode char U+203B (decimal 8251)
   defining Unicode char U+203D (decimal 8253)
   defining Unicode char U+2044 (decimal 8260)
   defining Unicode char U+204E (decimal 8270)
   defining Unicode char U+2052 (decimal 8274)
   defining Unicode char U+20A1 (decimal 8353)
   defining Unicode char U+20A4 (decimal 8356)
   defining Unicode char U+20A6 (decimal 8358)
   defining Unicode char U+20A9 (decimal 8361)
   defining Unicode char U+20AB (decimal 8363)
   defining Unicode char U+20AC (decimal 8364)
   defining Unicode char U+20B1 (decimal 8369)
   defining Unicode char U+2103 (decimal 8451)
   defining Unicode char U+2116 (decimal 8470)
   defining Unicode char U+2117 (decimal 8471)
   defining Unicode char U+211E (decimal 8478)
   defining Unicode char U+2120 (decimal 8480)
   defining Unicode char U+2122 (decimal 8482)
   defining Unicode char U+2126 (decimal 8486)
   defining Unicode char U+2127 (decimal 8487)
   defining Unicode char U+212E (decimal 8494)
   defining Unicode char U+2190 (decimal 8592)
   defining Unicode char U+2191 (decimal 8593)
   defining Unicode char U+2192 (decimal 8594)
   defining Unicode char U+2193 (decimal 8595)
   defining Unicode char U+2329 (decimal 9001)
   defining Unicode char U+232A (decimal 9002)
   defining Unicode char U+2422 (decimal 9250)
   defining Unicode char U+25E6 (decimal 9702)
   defining Unicode char U+25EF (decimal 9711)
   defining Unicode char U+266A (decimal 9834)
   defining Unicode char U+FEFF (decimal 65279)
))
LaTeX Info: Redefining \oldstylenums on input line 334.
Package textcomp Info: Setting cmr sub-encoding to TS1/0 on input line 349.
Package textcomp Info: Setting cmss sub-encoding to TS1/0 on input line 350.
Package textcomp Info: Setting cmtt sub-encoding to TS1/0 on input line 351.
Package textcomp Info: Setting cmvtt sub-encoding to TS1/0 on input line 352.
Package textcomp Info: Setting cmbr sub-encoding to TS1/0 on input line 353.
Package textcomp Info: Setting cmtl sub-encoding to TS1/0 on input line 354.
Package textcomp Info: Setting ccr sub-encoding to TS1/0 on input line 355.
Package textcomp Info: Setting ptm sub-encoding to TS1/4 on input line 356.
Package textcomp Info: Setting pcr sub-encoding to TS1/4 on input line 357.
Package textcomp Info: Setting phv sub-encoding to TS1/4 on input line 358.
Package textcomp Info: Setting ppl sub-encoding to TS1/3 on input line 359.
Package textcomp Info: Setting pag sub-encoding to TS1/4 on input line 360.
Package textcomp Info: Setting pbk sub-encoding to TS1/4 on input line 361.
Package textcomp Info: Setting pnc sub-encoding to TS1/4 on input line 362.
Package textcomp Info: Setting pzc sub-encoding to TS1/4 on input line 363.
Package textcomp Info: Setting bch sub-encoding to TS1/4 on input line 364.
Package textcomp Info: Setting put sub-encoding to TS1/5 on input line 365.
Package textcomp Info: Setting uag sub-encoding to TS1/5 on input line 366.
Package textcomp Info: Setting ugq sub-encoding to TS1/5 on input line 367.
Package textcomp Info: Setting ul8 sub-encoding to TS1/4 on input line 368.
Package textcomp Info: Setting ul9 sub-encoding to TS1/4 on input line 369.
Package textcomp Info: Setting augie sub-encoding to TS1/5 on input line 370.
Package textcomp Info: Setting dayrom sub-encoding to TS1/3 on input line 371.
Package textcomp Info: Setting dayroms sub-encoding to TS1/3 on input line 372.

Package textcomp Info: Setting pxr sub-encoding to TS1/0 on input line 373.
Package textcomp Info: Setting pxss sub-encoding to TS1/0 on input line 374.
Package textcomp Info: Setting pxtt sub-encoding to TS1/0 on input line 375.
Package textcomp Info: Setting txr sub-encoding to TS1/0 on input line 376.
Package textcomp Info: Setting txss sub-encoding to TS1/0 on input line 377.
Package textcomp Info: Setting txtt sub-encoding to TS1/0 on input line 378.
Package textcomp Info: Setting lmr sub-encoding to TS1/0 on input line 379.
Package textcomp Info: Setting lmdh sub-encoding to TS1/0 on input line 380.
Package textcomp Info: Setting lmss sub-encoding to TS1/0 on input line 381.
Package textcomp Info: Setting lmssq sub-encoding to TS1/0 on input line 382.
Package textcomp Info: Setting lmvtt sub-encoding to TS1/0 on input line 383.
Package textcomp Info: Setting lmtt sub-encoding to TS1/0 on input line 384.
Package textcomp Info: Setting qhv sub-encoding to TS1/0 on input line 385.
Package textcomp Info: Setting qag sub-encoding to TS1/0 on input line 386.
Package textcomp Info: Setting qbk sub-encoding to TS1/0 on input line 387.
Package textcomp Info: Setting qcr sub-encoding to TS1/0 on input line 388.
Package textcomp Info: Setting qcs sub-encoding to TS1/0 on input line 389.
Package textcomp Info: Setting qpl sub-encoding to TS1/0 on input line 390.
Package textcomp Info: Setting qtm sub-encoding to TS1/0 on input line 391.
Package textcomp Info: Setting qzc sub-encoding to TS1/0 on input line 392.
Package textcomp Info: Setting qhvc sub-encoding to TS1/0 on input line 393.
Package textcomp Info: Setting futs sub-encoding to TS1/4 on input line 394.
Package textcomp Info: Setting futx sub-encoding to TS1/4 on input line 395.
Package textcomp Info: Setting futj sub-encoding to TS1/4 on input line 396.
Package textcomp Info: Setting hlh sub-encoding to TS1/3 on input line 397.
Package textcomp Info: Setting hls sub-encoding to TS1/3 on input line 398.
Package textcomp Info: Setting hlst sub-encoding to TS1/3 on input line 399.
Package textcomp Info: Setting hlct sub-encoding to TS1/5 on input line 400.
Package textcomp Info: Setting hlx sub-encoding to TS1/5 on input line 401.
Package textcomp Info: Setting hlce sub-encoding to TS1/5 on input line 402.
Package textcomp Info: Setting hlcn sub-encoding to TS1/5 on input line 403.
Package textcomp Info: Setting hlcw sub-encoding to TS1/5 on input line 404.
Package textcomp Info: Setting hlcf sub-encoding to TS1/5 on input line 405.
Package textcomp Info: Setting pplx sub-encoding to TS1/3 on input line 406.
Package textcomp Info: Setting pplj sub-encoding to TS1/3 on input line 407.
Package textcomp Info: Setting ptmx sub-encoding to TS1/4 on input line 408.
Package textcomp Info: Setting ptmj sub-encoding to TS1/4 on input line 409.
)
(/usr/local/share/miktex-texmf/tex/latex/base/fontenc.sty
Package: fontenc 2018/08/11 v2.0j Standard LaTeX package
)
(/home/gianluca/.miktex/texmfs/install/tex/latex/fontaxes/fontaxes.sty
Package: fontaxes 2014/03/23 v1.0d Font selection axes
LaTeX Info: Redefining \upshape on input line 29.
LaTeX Info: Redefining \itshape on input line 31.
LaTeX Info: Redefining \slshape on input line 33.
LaTeX Info: Redefining \scshape on input line 37.
)
(/home/gianluca/.miktex/texmfs/install/tex/latex/mweights/mweights.sty
Package: mweights 2017/03/30 (Bob Tennent) Support package for multiple-weight 
font packages. 
LaTeX Info: Redefining \bfseries on input line 22.
LaTeX Info: Redefining \mdseries on input line 30.
LaTeX Info: Redefining \rmfamily on input line 38.
LaTeX Info: Redefining \sffamily on input line 66.
LaTeX Info: Redefining \ttfamily on input line 94.
)))
(/usr/local/share/miktex-texmf/tex/latex/base/fontenc.sty
Package: fontenc 2018/08/11 v2.0j Standard LaTeX package

(/usr/local/share/miktex-texmf/tex/latex/base/t1enc.def
File: t1enc.def 2018/08/11 v2.0j Standard LaTeX file
LaTeX Font Info:    Redeclaring font encoding T1 on input line 48.
))
Package csquotes Info: Checking for multilingual support...
Package csquotes Info: ... found 'babel' package.
Package csquotes Info: Adjusting default style.
Package csquotes Info: Redefining alias 'default' -> 'british'.
Package biblatex Info: Trying to load language 'british'...
Package biblatex Info: ... file 'british.lbx' found.

(/home/gianluca/.miktex/texmfs/install/tex/latex/biblatex/lbx/british.lbx
File: british.lbx 2019/08/31 v3.13a biblatex localization (PK/MW)
Package biblatex Info: Trying to load language 'english'...
Package biblatex Info: ... file 'english.lbx' found.

(/home/gianluca/.miktex/texmfs/install/tex/latex/biblatex/lbx/english.lbx
File: english.lbx 2019/08/31 v3.13a biblatex localization (PK/MW)
))
No file ClassicThesis.aux.
\openout1 = `ClassicThesis.aux'.

LaTeX Font Info:    Checking defaults for OML/cmm/m/it on input line 58.
LaTeX Font Info:    ... okay on input line 58.
LaTeX Font Info:    Checking defaults for T1/cmr/m/n on input line 58.
LaTeX Font Info:    ... okay on input line 58.
LaTeX Font Info:    Checking defaults for OT1/cmr/m/n on input line 58.
LaTeX Font Info:    ... okay on input line 58.
LaTeX Font Info:    Checking defaults for OMS/cmsy/m/n on input line 58.
LaTeX Font Info:    ... okay on input line 58.
LaTeX Font Info:    Checking defaults for OMX/cmex/m/n on input line 58.
LaTeX Font Info:    ... okay on input line 58.
LaTeX Font Info:    Checking defaults for U/cmr/m/n on input line 58.
LaTeX Font Info:    ... okay on input line 58.
LaTeX Font Info:    Checking defaults for PD1/pdf/m/n on input line 58.
LaTeX Font Info:    ... okay on input line 58.
LaTeX Font Info:    Checking defaults for TS1/cmr/m/n on input line 58.
LaTeX Font Info:    Try loading font information for TS1+cmr on input line 58.
(/usr/local/share/miktex-texmf/tex/latex/base/ts1cmr.fd
File: ts1cmr.fd 2014/09/29 v2.5h Standard LaTeX font definitions
)
LaTeX Font Info:    ... okay on input line 58.


LaTeX Font Warning: Font shape `T1/cmr/regular/n' undefined
(Font)              using `T1/cmr/m/n' instead on input line 58.

Package biblatex Info: Input encoding 'utf8' detected.
Package biblatex Info: Data encoding 'ascii' specified.
(biblatex)             No need to reencode data.
Package biblatex Info: Input encoding 'utf8' specified.
Package biblatex Info: Data encoding 'ascii' specified.
(biblatex)             No need to reencode data.
\openout3 = `ClassicThesis-blx.bib'.

Package biblatex Info: Trying to load bibliographic data...
Package biblatex Info: ... file 'ClassicThesis.bbl' not found.
No file ClassicThesis.bbl.
Package biblatex Info: Reference section=0 on input line 58.
Package biblatex Info: Reference segment=0 on input line 58.
(/home/gianluca/.miktex/texmfs/install/tex/context/base/mkii/supp-pdf.mkii
[Loading MPS to PDF converter (version 2006.09.02).]
\scratchcounter=\count449
\scratchdimen=\dimen193
\scratchbox=\box58
\nofMPsegments=\count450
\nofMParguments=\count451
\everyMPshowfont=\toks46
\MPscratchCnt=\count452
\MPscratchDim=\dimen194
\MPnumerator=\count453
\makeMPintoPDFobject=\count454
\everyMPtoPDFconversion=\toks47
) (/usr/local/share/miktex-texmf/tex/latex/oberdiek/epstopdf-base.sty
Package: epstopdf-base 2016/05/15 v2.6 Base part for package epstopdf

(/usr/local/share/miktex-texmf/tex/latex/oberdiek/grfext.sty
Package: grfext 2016/05/16 v1.2 Manage graphics extensions (HO)
)
Package epstopdf-base Info: Redefining graphics rule for `.eps' on input line 4
38.
Package grfext Info: Graphics extension search list:
(grfext)             [.pdf,.png,.jpg,.mps,.jpeg,.jbig2,.jb2,.PDF,.PNG,.JPG,.JPE
G,.JBIG2,.JB2,.eps]
(grfext)             \AppendGraphicsExtensions on input line 456.
)
Package caption Info: Begin \AtBeginDocument code.
Package caption Info: subfig package v1.3 is loaded.
Package caption Info: hyperref package is loaded.
Package caption Info: listings package is loaded.
Package caption Info: End \AtBeginDocument code.
\c@lstlisting=\count455
Package scrhack Info: undefining \float@addtolists on input line 58.
\c@minilofdepth=\count456
\c@minilotdepth=\count457
\c@partlofdepth=\count458
\c@partlotdepth=\count459
\c@sectlofdepth=\count460
\c@sectlotdepth=\count461
Package minitoc(hints) Info: I0049
(minitoc(hints))             ==> You requested the hints option. 
(minitoc(hints))             Some hints are eventually given below.
Package minitoc(hints) Info: I0043
(minitoc(hints))             --- The KOMAScript scrreprt class is loaded. 
(minitoc(hints))             See the minitoc package documentation 
(minitoc(hints))             for specific precautions.
Package minitoc(hints) Info: I0047
(minitoc(hints))             --- The tocloft package is loaded. 
(minitoc(hints))             See the minitoc package documentation 
(minitoc(hints))             for specific precautions.


Package minitoc(hints) Warning: W0099
(minitoc(hints))                --- The titlesec package is loaded. 
(minitoc(hints))                It is incompatible 
(minitoc(hints))                with the minitoc package.


Package minitoc(hints) Warning: W0030
(minitoc(hints))                --- The \part command is altered 
(minitoc(hints))                after minitoc.


Package minitoc(hints) Warning: W0023
(minitoc(hints))                --- It may be the consequence 
(minitoc(hints))                of loading the ``hyperref'' package.


Package minitoc(hints) Warning: W0028
(minitoc(hints))                --- The \chapter command is altered 
(minitoc(hints))                after minitoc.


Package minitoc(hints) Warning: W0023
(minitoc(hints))                --- It may be the consequence 
(minitoc(hints))                of loading the ``hyperref'' package.

LaTeX Info: Redefining \microtypecontext on input line 58.
Package microtype Info: Generating PDF output.
Package microtype Info: Character protrusion enabled (level 2).
Package microtype Info: Using default protrusion set `alltext'.
Package microtype Info: Automatic font expansion enabled (level 2),
(microtype)             stretch: 20, shrink: 20, step: 1, non-selected.
Package microtype Info: Using default expansion set `basictext'.
Package microtype Info: No adjustment of tracking.
Package microtype Info: No adjustment of interword spacing.
Package microtype Info: No adjustment of character kerning.
(/home/gianluca/.miktex/texmfs/install/tex/latex/microtype/mt-cmr.cfg
File: mt-cmr.cfg 2013/05/19 v2.2 microtype config. file: Computer Modern Roman 
(RS)
)
\AtBeginShipoutBox=\box59
Package hyperref Info: Link coloring ON on input line 58.

(/usr/local/share/miktex-texmf/tex/latex/hyperref/nameref.sty
Package: nameref 2019/09/12 v2.45 Cross-referencing by name of section

(/usr/local/share/miktex-texmf/tex/generic/oberdiek/gettitlestring.sty
Package: gettitlestring 2016/05/16 v1.5 Cleanup title references (HO)
)
\c@section@level=\count462
)
LaTeX Info: Redefining \ref on input line 58.
LaTeX Info: Redefining \pageref on input line 58.
LaTeX Info: Redefining \nameref on input line 58.
\@outlinefile=\write5
\openout5 = `ClassicThesis.out'.

Class scrreprt Info: loading recommended package `bookmark'.
(scrreprt)           Using `bookmark' together with `hyperref' is recommended,
(scrreprt)           because of handling of possible bookmark level gaps.
(scrreprt)           You can avoid loading `bookmark' with KOMA-Script option
(scrreprt)           `bookmarkpackage=false' before \begin{document} and
(scrreprt)           you can avoid this message with `\usepackage{bookmark}'
(scrreprt)           before \begin{document} on input line 58.

(/usr/local/share/miktex-texmf/tex/latex/oberdiek/bookmark.sty
Package: bookmark 2019/06/04 v1.27 PDF bookmarks (HO)

(/usr/local/share/miktex-texmf/tex/latex/oberdiek/bkm-pdftex.def
File: bkm-pdftex.def 2019/06/04 v1.27 bookmark driver for pdfTeX (HO)
Package auxhook Info: \AddLineBeginMainAux comes a little late,
(auxhook)             because the main .aux file is already opened on input lin
e 164.
\BKM@id=\count463
))
\c@mv@tabular=\count464
\c@mv@boldtabular=\count465
\openout2 = `FrontBackmatter/DirtyTitlepage.aux'.


(/home/gianluca/development/phd_thesis/FrontBackmatter/DirtyTitlepage.tex
LaTeX Font Info:    Try loading font information for T1+Roboto-LF on input line
 8.

(/usr/local/share/miktex-texmf/tex/latex/roboto/T1Roboto-LF.fd
File: T1Roboto-LF.fd 2019/04/19 (autoinst) Font definitions for T1/Roboto-LF.
)
LaTeX Font Info:    Font shape `T1/Roboto-LF/regular/n' will be
(Font)              scaled to size 10.0pt on input line 8.
Package microtype Info: Loading generic protrusion settings for font family
(microtype)             `Roboto-LF' (encoding: T1).
(microtype)             For optimal results, create family-specific settings.
(microtype)             See the microtype manual for details.
LaTeX Font Info:    Font shape `T1/Roboto-LF/regular/sc' will be
(Font)              scaled to size 10.0pt on input line 8.
) [1


{/home/gianluca/.miktex/texmfs/data/pdftex/config/pdftex.map}]
\openout2 = `FrontBackmatter/Acknowledgments.aux'.


(/home/gianluca/development/phd_thesis/FrontBackmatter/Acknowledgments.tex
LaTeX Font Info:    Font shape `T1/Roboto-LF/regular/n' will be
(Font)              scaled to size 14.4pt on input line 18.
LaTeX Font Info:    Font shape `T1/Roboto-LF/regular/sc' will be
(Font)              scaled to size 14.4pt on input line 18.
)
[2




]
\openout2 = `FrontBackmatter/Abstract.aux'.

 (/home/gianluca/development/phd_thesis/FrontBackmatter/Abstract.tex
Overfull \hbox (1.68024pt too wide) in paragraph at lines 31--32
[]\T1/cmr/regular/n/10 (-20) Automatic code gen-er-a-tion from the AADL ASN.1/J
SON
 []

[3





! pdfTeX error (font expansion): auto expansion is only possible with scalable 
fonts.
\AtBegShi@Output ...ipout \box \AtBeginShipoutBox 
                                                  \fi \fi 
l.42 	\end{itemize}
                   

 
Here is how much of TeX's memory you used:
 37377 strings out of 492970
 692536 string characters out of 3133639
 1313164 words of memory out of 3000000
 40589 multiletter control sequences out of 15000+200000
 579001 words of font info for 68 fonts, out of 3000000 for 9000
 1141 hyphenation exceptions out of 8191
 58i,20n,77p,9130b,2274s stack positions out of 5000i,500n,10000p,200000b,50000s
!  ==> Fatal error occurred, no output PDF file produced!
